<?xml version="1.0" encoding="UTF-8"?>
<!-- Generated by org.testng.reporters.JUnitReportReporter -->
<testsuite hostname="DESKTOP-29U6424" failures="0" tests="1" name="randomPOmClass.ElorusLogin" time="19.329" errors="0" timestamp="2024-09-03T22:27:32 IST" skipped="0">
  <testcase classname="randomPOmClass.ElorusLogin" name="m1" time="19.329"/>
</testsuite> <!-- randomPOmClass.ElorusLogin -->
