<?xml version="1.0" encoding="UTF-8"?>
<!-- Generated by org.testng.reporters.JUnitReportReporter -->
<testsuite hostname="DESKTOP-29U6424" failures="0" tests="1" name="manju.ReadDataFromCmdLIne" time="0.013" errors="0" timestamp="2024-09-09T22:57:11 IST" skipped="0">
  <testcase classname="manju.ReadDataFromCmdLIne" name="m1" time="0.013"/>
</testsuite> <!-- manju.ReadDataFromCmdLIne -->
