<?xml version="1.0" encoding="UTF-8"?>
<!-- Generated by org.testng.reporters.JUnitReportReporter -->
<testsuite hostname="DESKTOP-29U6424" failures="0" tests="1" name="randomPOmClass.Login2Test" time="27.138" errors="0" timestamp="2024-08-30T10:16:19 IST" skipped="0">
  <testcase classname="randomPOmClass.Login2Test" name="m1" time="27.138"/>
</testsuite> <!-- randomPOmClass.Login2Test -->
