<?xml version="1.0" encoding="UTF-8"?>
<!-- Generated by org.testng.reporters.JUnitReportReporter -->
<testsuite hostname="DESKTOP-29U6424" failures="0" tests="1" name="randomPOmClass.AuthenticationPop" time="7.963" errors="0" timestamp="2024-08-29T13:06:56 IST" skipped="0">
  <testcase classname="randomPOmClass.AuthenticationPop" name="handlePopup" time="7.963"/>
</testsuite> <!-- randomPOmClass.AuthenticationPop -->
