<?xml version="1.0" encoding="UTF-8"?>
<!-- Generated by org.testng.reporters.JUnitReportReporter -->
<testsuite hostname="DESKTOP-29U6424" failures="0" tests="1" name="randomPOmClass.CilianMurphy" time="7.585" errors="0" timestamp="2024-09-04T01:39:57 IST" skipped="0">
  <testcase classname="randomPOmClass.CilianMurphy" name="m1" time="7.585"/>
</testsuite> <!-- randomPOmClass.CilianMurphy -->
